Using pre-set license
Built from '2021.2/staging' branch; Version is '2021.2.11f1 (e50cafbb4399) revision 15010991'; Using compiler version '192829333'; Build Type 'Release'
OS: 'Windows 10  (10.0.19044) 64bit Professional' Language: 'en' Physical Memory: 32449 MB
BatchMode: 1, IsHumanControllingUs: 0, StartBugReporterOnCrash: 0, Is64bit: 1, IsPro: 0

COMMAND LINE ARGUMENTS:
D:\Tools\Unity\Unity Editors\2021.2.11f1\Editor\Unity.exe
-adb2
-batchMode
-noUpm
-name
AssetImportWorker0
-projectPath
D:/Personal Projects/Gravity Platformer/GameLounge_Platformer_GitHub/Platformer/GameLounge
-logFile
Logs/AssetImportWorker0.log
-srvPort
57834
Successfully changed project path to: D:/Personal Projects/Gravity Platformer/GameLounge_Platformer_GitHub/Platformer/GameLounge
D:/Personal Projects/Gravity Platformer/GameLounge_Platformer_GitHub/Platformer/GameLounge
[UnityMemory] Configuration Parameters - Can be set up in boot.config
    "memorysetup-bucket-allocator-granularity=16"
    "memorysetup-bucket-allocator-bucket-count=8"
    "memorysetup-bucket-allocator-block-size=33554432"
    "memorysetup-bucket-allocator-block-count=8"
    "memorysetup-main-allocator-block-size=16777216"
    "memorysetup-thread-allocator-block-size=16777216"
    "memorysetup-gfx-main-allocator-block-size=16777216"
    "memorysetup-gfx-thread-allocator-block-size=16777216"
    "memorysetup-cache-allocator-block-size=4194304"
    "memorysetup-typetree-allocator-block-size=2097152"
    "memorysetup-profiler-bucket-allocator-granularity=16"
    "memorysetup-profiler-bucket-allocator-bucket-count=8"
    "memorysetup-profiler-bucket-allocator-block-size=33554432"
    "memorysetup-profiler-bucket-allocator-block-count=8"
    "memorysetup-profiler-allocator-block-size=16777216"
    "memorysetup-profiler-editor-allocator-block-size=1048576"
    "memorysetup-temp-allocator-size-main=16777216"
    "memorysetup-job-temp-allocator-block-size=2097152"
    "memorysetup-job-temp-allocator-block-size-background=1048576"
    "memorysetup-job-temp-allocator-reduction-small-platforms=262144"
    "memorysetup-temp-allocator-size-background-worker=32768"
    "memorysetup-temp-allocator-size-job-worker=262144"
    "memorysetup-temp-allocator-size-preload-manager=33554432"
    "memorysetup-temp-allocator-size-nav-mesh-worker=65536"
    "memorysetup-temp-allocator-size-audio-worker=65536"
    "memorysetup-temp-allocator-size-cloud-worker=32768"
    "memorysetup-temp-allocator-size-gi-baking-worker=262144"
    "memorysetup-temp-allocator-size-gfx=262144"
Refreshing native plugins compatible for Editor in 127.31 ms, found 3 plugins.
Preloading 0 native plugins for Editor in 0.00 ms.
Initialize engine version: 2021.2.11f1 (e50cafbb4399)
[Subsystems] Discovering subsystems at path D:/Tools/Unity/Unity Editors/2021.2.11f1/Editor/Data/Resources/UnitySubsystems
[Subsystems] Discovering subsystems at path D:/Personal Projects/Gravity Platformer/GameLounge_Platformer_GitHub/Platformer/GameLounge/Assets
GfxDevice: creating device client; threaded=0; jobified=0
Direct3D:
    Version:  Direct3D 11.0 [level 11.1]
    Renderer: AMD Radeon RX 6700 XT (ID=0x73df)
    Vendor:   ATI
    VRAM:     12243 MB
    Driver:   30.0.15002.1004
Initialize mono
Mono path[0] = 'D:/Tools/Unity/Unity Editors/2021.2.11f1/Editor/Data/Managed'
Mono path[1] = 'D:/Tools/Unity/Unity Editors/2021.2.11f1/Editor/Data/MonoBleedingEdge/lib/mono/unityjit-win32'
Mono config path = 'D:/Tools/Unity/Unity Editors/2021.2.11f1/Editor/Data/MonoBleedingEdge/etc'
Using monoOptions --debugger-agent=transport=dt_socket,embedding=1,server=y,suspend=n,address=127.0.0.1:56496
Begin MonoManager ReloadAssembly
Registering precompiled unity dll's ...
Register platform support module: D:/Tools/Unity/Unity Editors/2021.2.11f1/Editor/Data/PlaybackEngines/WebGLSupport/UnityEditor.WebGL.Extensions.dll
Register platform support module: D:/Tools/Unity/Unity Editors/2021.2.11f1/Editor/Data/PlaybackEngines/WindowsStandaloneSupport/UnityEditor.WindowsStandalone.Extensions.dll
Registered in 0.004249 seconds.
Native extension for WindowsStandalone target not found
Native extension for WebGL target not found
Refreshing native plugins compatible for Editor in 134.71 ms, found 3 plugins.
Preloading 0 native plugins for Editor in 0.00 ms.
Mono: successfully reloaded assembly
- Completed reload, in  0.766 seconds
Domain Reload Profiling:
	ReloadAssembly (767ms)
		BeginReloadAssembly (73ms)
			ExecutionOrderSort (0ms)
			DisableScriptedObjects (0ms)
			BackupInstance (0ms)
			ReleaseScriptingObjects (0ms)
			CreateAndSetChildDomain (1ms)
		EndReloadAssembly (609ms)
			LoadAssemblies (72ms)
			RebuildTransferFunctionScriptingTraits (0ms)
			SetupTypeCache (126ms)
			ReleaseScriptCaches (0ms)
			RebuildScriptCaches (50ms)
			SetupLoadedEditorAssemblies (369ms)
				LogAssemblyErrors (0ms)
				InitializePlatformSupportModulesInManaged (22ms)
				SetLoadedEditorAssemblies (0ms)
				RefreshPlugins (135ms)
				BeforeProcessingInitializeOnLoad (1ms)
				ProcessInitializeOnLoadAttributes (156ms)
				ProcessInitializeOnLoadMethodAttributes (54ms)
				AfterProcessingInitializeOnLoad (0ms)
				EditorAssembliesLoaded (0ms)
			ExecutionOrderSort2 (0ms)
			AwakeInstancesAfterBackupRestoration (0ms)
Platform modules already initialized, skipping
Registering precompiled user dll's ...
Registered in 0.004340 seconds.
Begin MonoManager ReloadAssembly
Symbol file LoadedFromMemory doesn't match image D:\Personal Projects\Gravity Platformer\GameLounge_Platformer_GitHub\Platformer\GameLounge\Library\PackageCache\com.unity.visualscripting@1.7.6\Editor\VisualScripting.Core\Dependencies\YamlDotNet\Unity.VisualScripting.YamlDotNet.dll
Symbol file LoadedFromMemory doesn't match image D:\Personal Projects\Gravity Platformer\GameLounge_Platformer_GitHub\Platformer\GameLounge\Library\PackageCache\com.unity.visualscripting@1.7.6\Editor\VisualScripting.Core\Dependencies\DotNetZip\Unity.VisualScripting.IonicZip.dll
Native extension for WindowsStandalone target not found
Native extension for WebGL target not found
Refreshing native plugins compatible for Editor in 126.94 ms, found 3 plugins.
Preloading 0 native plugins for Editor in 0.00 ms.
Mono: successfully reloaded assembly
- Completed reload, in  1.953 seconds
Domain Reload Profiling:
	ReloadAssembly (1954ms)
		BeginReloadAssembly (114ms)
			ExecutionOrderSort (0ms)
			DisableScriptedObjects (6ms)
			BackupInstance (0ms)
			ReleaseScriptingObjects (0ms)
			CreateAndSetChildDomain (26ms)
		EndReloadAssembly (1738ms)
			LoadAssemblies (85ms)
			RebuildTransferFunctionScriptingTraits (0ms)
			SetupTypeCache (332ms)
			ReleaseScriptCaches (2ms)
			RebuildScriptCaches (107ms)
			SetupLoadedEditorAssemblies (1173ms)
				LogAssemblyErrors (0ms)
				InitializePlatformSupportModulesInManaged (14ms)
				SetLoadedEditorAssemblies (0ms)
				RefreshPlugins (127ms)
				BeforeProcessingInitializeOnLoad (131ms)
				ProcessInitializeOnLoadAttributes (780ms)
				ProcessInitializeOnLoadMethodAttributes (118ms)
				AfterProcessingInitializeOnLoad (2ms)
				EditorAssembliesLoaded (0ms)
			ExecutionOrderSort2 (0ms)
			AwakeInstancesAfterBackupRestoration (5ms)
Platform modules already initialized, skipping
========================================================================
Worker process is ready to serve import requests
Launched and connected shader compiler UnityShaderCompiler.exe after 0.09 seconds
Refreshing native plugins compatible for Editor in 1.53 ms, found 3 plugins.
Preloading 0 native plugins for Editor in 0.00 ms.
Unloading 5994 Unused Serialized files (Serialized files now loaded: 0)
Unloading 47 unused Assets / (2.7 MB). Loaded Objects now: 6434.
Memory consumption went from 242.4 MB to 239.7 MB.
Total: 6.379800 ms (FindLiveObjects: 0.837300 ms CreateObjectMapping: 0.843800 ms MarkObjects: 3.837900 ms  DeleteObjects: 0.859700 ms)

AssetImportParameters requested are different than current active one (requested -> active):
  custom:video-decoder-ogg-theora: a1e56fd34408186e4bbccfd4996cb3dc -> 
  custom:container-muxer-webm: aa71ff27fc2769a1b78a27578f13a17b -> 
  custom:container-demuxer-webm: 4f35f7cbe854078d1ac9338744f61a02 -> 
  custom:video-encoder-webm-vp8: eb34c28f22e8b96e1ab97ce403110664 -> 
  custom:audio-encoder-webm-vorbis: bf7c407c2cedff20999df2af8eb42d56 -> 
  custom:framework-win-MediaFoundation: 216162199b28c13a410421893ffa2e32 -> 
  custom:container-demuxer-ogg: 62fdf1f143b41e24485cea50d1cbac27 -> 
  custom:video-decoder-webm-vp8: 9c59270c3fd7afecdb556c50c9e8de78 -> 
  custom:audio-decoder-ogg-vorbis: bf7c407c2cedff20999df2af8eb42d56 -> 
========================================================================
Received Import Request.
  Time since last request: 202737.946398 seconds.
  path: Assets/Scenes
  artifactKey: Guid(2bdbb72f952e32048958a992670faed3) Importer(815301076,1909f56bfc062723c751e8b465ee728b)
Start importing Assets/Scenes using Guid(2bdbb72f952e32048958a992670faed3) Importer(815301076,1909f56bfc062723c751e8b465ee728b)  -> (artifact id: '15878a7222d015237fd795c0f95d0344') in 0.026176 seconds 
========================================================================
Received Import Request.
  Time since last request: 128.669814 seconds.
  path: Assets/Assets/Materials
  artifactKey: Guid(e42feb8a9a43d14449ad733045b7d91a) Importer(815301076,1909f56bfc062723c751e8b465ee728b)
Start importing Assets/Assets/Materials using Guid(e42feb8a9a43d14449ad733045b7d91a) Importer(815301076,1909f56bfc062723c751e8b465ee728b)  -> (artifact id: 'eec521969fb8a830a06c25eb2e26f180') in 0.013036 seconds 
========================================================================
Received Import Request.
  Time since last request: 325.963979 seconds.
  path: Assets/Assets/Models
  artifactKey: Guid(eb75a01543d756549bd14518c9ee06b5) Importer(815301076,1909f56bfc062723c751e8b465ee728b)
Start importing Assets/Assets/Models using Guid(eb75a01543d756549bd14518c9ee06b5) Importer(815301076,1909f56bfc062723c751e8b465ee728b)  -> (artifact id: '013b6e5038a9d1a7d959971469c74b54') in 0.012201 seconds 
========================================================================
Received Import Request.
  Time since last request: 10.357930 seconds.
  path: Assets/Assets/Models/Models_testing
  artifactKey: Guid(80f29a06d4f7d2a4d86d903e91cb0c1c) Importer(815301076,1909f56bfc062723c751e8b465ee728b)
Start importing Assets/Assets/Models/Models_testing using Guid(80f29a06d4f7d2a4d86d903e91cb0c1c) Importer(815301076,1909f56bfc062723c751e8b465ee728b)  -> (artifact id: 'e0575b87e74dd4cfda0882810e418beb') in 0.006727 seconds 
========================================================================
Received Import Request.
  Time since last request: 15.058356 seconds.
  path: Assets/Assets/Models/Models_testing/Ghosthappy dance.fbx
  artifactKey: Guid(3bbf7301e90c22841a20bbb9a4dc5355) Importer(815301076,1909f56bfc062723c751e8b465ee728b)
Start importing Assets/Assets/Models/Models_testing/Ghosthappy dance.fbx using Guid(3bbf7301e90c22841a20bbb9a4dc5355) Importer(815301076,1909f56bfc062723c751e8b465ee728b)  -> (artifact id: '9368796513ec8dc56fa17532ca2fef1d') in 2.679552 seconds 
========================================================================
Received Import Request.
  Time since last request: 14.913081 seconds.
  path: Assets/Assets/Models/Models_testing/Ghosthappy dance.fbx
  artifactKey: Guid(3bbf7301e90c22841a20bbb9a4dc5355) Importer(815301076,1909f56bfc062723c751e8b465ee728b)
Start importing Assets/Assets/Models/Models_testing/Ghosthappy dance.fbx using Guid(3bbf7301e90c22841a20bbb9a4dc5355) Importer(815301076,1909f56bfc062723c751e8b465ee728b)  -> (artifact id: '93abf921225822f20eca954b4ead5cb9') in 0.046615 seconds 
========================================================================
Received Import Request.
  Time since last request: 36.532549 seconds.
  path: Assets/Assets/Models/Models_testing/RG_Animated.fbx
  artifactKey: Guid(1c8df657b7cc0564887e7c61f1df6ff4) Importer(815301076,1909f56bfc062723c751e8b465ee728b)
Start importing Assets/Assets/Models/Models_testing/RG_Animated.fbx using Guid(1c8df657b7cc0564887e7c61f1df6ff4) Importer(815301076,1909f56bfc062723c751e8b465ee728b)  -> (artifact id: '20ddce4e84b0ce10ee8a1f21f31a367d') in 1.985680 seconds 
========================================================================
Received Import Request.
  Time since last request: 0.291081 seconds.
  path: Assets/Assets/Models/Models_testing/RG_Animated.fbx
  artifactKey: Guid(1c8df657b7cc0564887e7c61f1df6ff4) Importer(815301076,1909f56bfc062723c751e8b465ee728b)
Start importing Assets/Assets/Models/Models_testing/RG_Animated.fbx using Guid(1c8df657b7cc0564887e7c61f1df6ff4) Importer(815301076,1909f56bfc062723c751e8b465ee728b)  -> (artifact id: '41ce35e697bf4f97f3c3e76ad7c785b6') in 0.072897 seconds 
========================================================================
Received Import Request.
  Time since last request: 56.289731 seconds.
  path: Assets/Assets/Models/Models_testing/RG_Animated.fbx
  artifactKey: Guid(1c8df657b7cc0564887e7c61f1df6ff4) Importer(815301076,1909f56bfc062723c751e8b465ee728b)
Start importing Assets/Assets/Models/Models_testing/RG_Animated.fbx using Guid(1c8df657b7cc0564887e7c61f1df6ff4) Importer(815301076,1909f56bfc062723c751e8b465ee728b)  -> (artifact id: '1b06f8776a36df1d126eba46b1af4887') in 0.081670 seconds 
========================================================================
Received Import Request.
  Time since last request: 471.443572 seconds.
  path: Assets/Assets/Materials/Materials_Testingh
  artifactKey: Guid(4d8b01adddba45846bfe1a6d3ae1483b) Importer(815301076,1909f56bfc062723c751e8b465ee728b)
Start importing Assets/Assets/Materials/Materials_Testingh using Guid(4d8b01adddba45846bfe1a6d3ae1483b) Importer(815301076,1909f56bfc062723c751e8b465ee728b)  -> (artifact id: 'dd9402a3978b547a7a04483172d9e30f') in 0.011442 seconds 
========================================================================
Received Import Request.
  Time since last request: 4.182053 seconds.
  path: Assets/Assets/Materials/Materials_Testing
  artifactKey: Guid(4d8b01adddba45846bfe1a6d3ae1483b) Importer(815301076,1909f56bfc062723c751e8b465ee728b)
Start importing Assets/Assets/Materials/Materials_Testing using Guid(4d8b01adddba45846bfe1a6d3ae1483b) Importer(815301076,1909f56bfc062723c751e8b465ee728b)  -> (artifact id: '07e85d9a86d3b7373f919ce9540b170b') in 0.007358 seconds 
========================================================================
Received Import Request.
  Time since last request: 47.794995 seconds.
  path: Assets/Assets/Materials/Textures/Tile_testing1.png
  artifactKey: Guid(95c7b06134558e64085dade4d04b9f64) Importer(815301076,1909f56bfc062723c751e8b465ee728b)
Start importing Assets/Assets/Materials/Textures/Tile_testing1.png using Guid(95c7b06134558e64085dade4d04b9f64) Importer(815301076,1909f56bfc062723c751e8b465ee728b)  -> (artifact id: '451546cbd255f675c74827f14c1884b2') in 0.034376 seconds 
========================================================================
Received Import Request.
  Time since last request: 8.914429 seconds.
  path: Assets/Assets/Materials/Textures/Tile_testing2.png
  artifactKey: Guid(5b375371708b08e4da5274a0f751fba3) Importer(815301076,1909f56bfc062723c751e8b465ee728b)
Start importing Assets/Assets/Materials/Textures/Tile_testing2.png using Guid(5b375371708b08e4da5274a0f751fba3) Importer(815301076,1909f56bfc062723c751e8b465ee728b)  -> (artifact id: '4545db59ed126a0bf7d11a3c4ca57f48') in 0.016454 seconds 
========================================================================
Received Import Request.
  Time since last request: 43.091970 seconds.
  path: Assets/Assets/Sprites/RoundFaded.png
  artifactKey: Guid(ff14ec8a61313d242adca0e0c586cabf) Importer(815301076,1909f56bfc062723c751e8b465ee728b)
Start importing Assets/Assets/Sprites/RoundFaded.png using Guid(ff14ec8a61313d242adca0e0c586cabf) Importer(815301076,1909f56bfc062723c751e8b465ee728b)  -> (artifact id: '67a4d2af26e5388ece5415b66da39a52') in 0.028264 seconds 
========================================================================
Received Import Request.
  Time since last request: 0.699958 seconds.
  path: Assets/Assets/Sprites/Gradient 45degrees.png
  artifactKey: Guid(04f89a3ce1916714bb62c41243952e0a) Importer(815301076,1909f56bfc062723c751e8b465ee728b)
Start importing Assets/Assets/Sprites/Gradient 45degrees.png using Guid(04f89a3ce1916714bb62c41243952e0a) Importer(815301076,1909f56bfc062723c751e8b465ee728b)  -> (artifact id: '7b152cf6f17516c1135a42834c3d0cf5') in 0.061485 seconds 
========================================================================
Received Import Request.
  Time since last request: 7.677686 seconds.
  path: Assets/Assets/Sprites/Gradient 45degrees.png
  artifactKey: Guid(04f89a3ce1916714bb62c41243952e0a) Importer(815301076,1909f56bfc062723c751e8b465ee728b)
Start importing Assets/Assets/Sprites/Gradient 45degrees.png using Guid(04f89a3ce1916714bb62c41243952e0a) Importer(815301076,1909f56bfc062723c751e8b465ee728b)  -> (artifact id: '014b1ad987de1e989c3be0150be438a6') in 0.320692 seconds 
========================================================================
Received Import Request.
  Time since last request: 299.475887 seconds.
  path: Packages/com.unity.visualeffectgraph/Editor/Templates/SimpleSwarmParticleSystem.vfx
  artifactKey: Guid(b84f73c7c4a6c6443a3bfbb2f7a504f9) Importer(815301076,1909f56bfc062723c751e8b465ee728b)
Start importing Packages/com.unity.visualeffectgraph/Editor/Templates/SimpleSwarmParticleSystem.vfx using Guid(b84f73c7c4a6c6443a3bfbb2f7a504f9) Importer(815301076,1909f56bfc062723c751e8b465ee728b)  -> (artifact id: '60bcf3e7c9ca08509da2529a6ae99d21') in 0.255317 seconds 
========================================================================
Received Import Request.
  Time since last request: 0.000041 seconds.
  path: Packages/com.unity.render-pipelines.universal/Runtime/Materials/SpatialMappingOcclusion.mat
  artifactKey: Guid(b51db210fe78df745a372851b3db949e) Importer(815301076,1909f56bfc062723c751e8b465ee728b)
Start importing Packages/com.unity.render-pipelines.universal/Runtime/Materials/SpatialMappingOcclusion.mat using Guid(b51db210fe78df745a372851b3db949e) Importer(815301076,1909f56bfc062723c751e8b465ee728b)  -> (artifact id: '98d054f3412262c8fa36c75bbd7cdc86') in 0.031523 seconds 
========================================================================
Received Import Request.
  Time since last request: 0.000045 seconds.
  path: Packages/com.unity.render-pipelines.universal/Runtime/Materials/ParticlesUnlit.mat
  artifactKey: Guid(e823cd5b5d27c0f4b8256e7c12ee3e6d) Importer(815301076,1909f56bfc062723c751e8b465ee728b)
Start importing Packages/com.unity.render-pipelines.universal/Runtime/Materials/ParticlesUnlit.mat using Guid(e823cd5b5d27c0f4b8256e7c12ee3e6d) Importer(815301076,1909f56bfc062723c751e8b465ee728b)  -> (artifact id: 'ff87c924eb2e627caf7577026248c377') in 0.171626 seconds 
========================================================================
Received Import Request.
  Time since last request: 0.000041 seconds.
  path: Packages/com.unity.render-pipelines.universal/Runtime/Materials/Lit.mat
  artifactKey: Guid(31321ba15b8f8eb4c954353edc038b1d) Importer(815301076,1909f56bfc062723c751e8b465ee728b)
Start importing Packages/com.unity.render-pipelines.universal/Runtime/Materials/Lit.mat using Guid(31321ba15b8f8eb4c954353edc038b1d) Importer(815301076,1909f56bfc062723c751e8b465ee728b)  -> (artifact id: '14db819cd3c7ce260c526f9f09e41146') in 0.021995 seconds 
========================================================================
Received Import Request.
  Time since last request: 0.536240 seconds.
  path: Packages/com.unity.visualeffectgraph/Editor/Templates/SimpleParticleSystem.vfx
  artifactKey: Guid(a8d8823499ff50847aa460cb119c445d) Importer(815301076,1909f56bfc062723c751e8b465ee728b)
Start importing Packages/com.unity.visualeffectgraph/Editor/Templates/SimpleParticleSystem.vfx using Guid(a8d8823499ff50847aa460cb119c445d) Importer(815301076,1909f56bfc062723c751e8b465ee728b)  -> (artifact id: '7a27378238e2363197e998fa1782a46f') in 0.196965 seconds 
========================================================================
Received Import Request.
  Time since last request: 0.000039 seconds.
  path: Packages/com.unity.searcher/Editor/Resources/FlatSkin/Font/Roboto-Thin.ttf
  artifactKey: Guid(19a9abb883540be48b75b951a927ae03) Importer(815301076,1909f56bfc062723c751e8b465ee728b)
Start importing Packages/com.unity.searcher/Editor/Resources/FlatSkin/Font/Roboto-Thin.ttf using Guid(19a9abb883540be48b75b951a927ae03) Importer(815301076,1909f56bfc062723c751e8b465ee728b)  -> (artifact id: '7fc2ee8096aae8da14753019ab21ffd2') in 0.049505 seconds 
========================================================================
Received Import Request.
  Time since last request: 0.000054 seconds.
  path: Packages/com.unity.visualeffectgraph/Editor/Templates/EmptyParticleSystem.vfx
  artifactKey: Guid(b7261d938a155b74cb61a60a16d9f2aa) Importer(815301076,1909f56bfc062723c751e8b465ee728b)
Start importing Packages/com.unity.visualeffectgraph/Editor/Templates/EmptyParticleSystem.vfx using Guid(b7261d938a155b74cb61a60a16d9f2aa) Importer(815301076,1909f56bfc062723c751e8b465ee728b)  -> (artifact id: 'b6cab7accc3408bc42c3d9326306936e') in 0.144782 seconds 
========================================================================
Received Import Request.
  Time since last request: 0.000033 seconds.
  path: Packages/com.unity.searcher/Editor/Resources/FlatSkin/Font/Roboto-Bold.ttf
  artifactKey: Guid(3750c318f40cab44a97d3a81beaefeb3) Importer(815301076,1909f56bfc062723c751e8b465ee728b)
Start importing Packages/com.unity.searcher/Editor/Resources/FlatSkin/Font/Roboto-Bold.ttf using Guid(3750c318f40cab44a97d3a81beaefeb3) Importer(815301076,1909f56bfc062723c751e8b465ee728b)  -> (artifact id: '2ba32c390386cece72154c35105da458') in 0.038098 seconds 
========================================================================
Received Import Request.
  Time since last request: 0.000034 seconds.
  path: Packages/com.unity.visualeffectgraph/Editor/Templates/SimpleRibbon.vfx
  artifactKey: Guid(c071abb088c76054bb603238f21bce1c) Importer(815301076,1909f56bfc062723c751e8b465ee728b)
Start importing Packages/com.unity.visualeffectgraph/Editor/Templates/SimpleRibbon.vfx using Guid(c071abb088c76054bb603238f21bce1c) Importer(815301076,1909f56bfc062723c751e8b465ee728b)  -> (artifact id: 'efe923636d0a3df6fd6361419aa4bd7e') in 0.277412 seconds 
========================================================================
Received Import Request.
  Time since last request: 0.000044 seconds.
  path: Packages/com.unity.visualeffectgraph/Editor/Templates/SimpleHeadsAndTrails.vfx
  artifactKey: Guid(f0efff9416db4174984390120a80ee87) Importer(815301076,1909f56bfc062723c751e8b465ee728b)
Start importing Packages/com.unity.visualeffectgraph/Editor/Templates/SimpleHeadsAndTrails.vfx using Guid(f0efff9416db4174984390120a80ee87) Importer(815301076,1909f56bfc062723c751e8b465ee728b)  -> (artifact id: 'a9b01f21951a05789e4bc419969a8455') in 0.240804 seconds 
========================================================================
Received Import Request.
  Time since last request: 0.000050 seconds.
  path: Packages/com.unity.searcher/Editor/Resources/FlatSkin/Font/Roboto-ThinItalic.ttf
  artifactKey: Guid(b2ea3b3f1765e544b9eb5bd1a93a91ce) Importer(815301076,1909f56bfc062723c751e8b465ee728b)
Start importing Packages/com.unity.searcher/Editor/Resources/FlatSkin/Font/Roboto-ThinItalic.ttf using Guid(b2ea3b3f1765e544b9eb5bd1a93a91ce) Importer(815301076,1909f56bfc062723c751e8b465ee728b)  -> (artifact id: 'b4bf110567b5b34cb44716d36cbb61ba') in 0.053955 seconds 
========================================================================
Received Import Request.
  Time since last request: 0.000041 seconds.
  path: Packages/com.unity.visualeffectgraph/Editor/Templates/SimpleHeadsAndSparks.vfx
  artifactKey: Guid(092c27d29de329c43aa5ad8ca20e4be9) Importer(815301076,1909f56bfc062723c751e8b465ee728b)
Start importing Packages/com.unity.visualeffectgraph/Editor/Templates/SimpleHeadsAndSparks.vfx using Guid(092c27d29de329c43aa5ad8ca20e4be9) Importer(815301076,1909f56bfc062723c751e8b465ee728b)  -> (artifact id: '473e665fb6336dc0d305b5198a7ef55f') in 0.186084 seconds 
========================================================================
Received Import Request.
  Time since last request: 0.000035 seconds.
  path: Packages/com.unity.render-pipelines.core/Runtime/Debugging/Prefabs/Fonts/PerfectDOSVGA437.ttf
  artifactKey: Guid(74a5091d8707f334b9a5c31ef71a64ba) Importer(815301076,1909f56bfc062723c751e8b465ee728b)
Start importing Packages/com.unity.render-pipelines.core/Runtime/Debugging/Prefabs/Fonts/PerfectDOSVGA437.ttf using Guid(74a5091d8707f334b9a5c31ef71a64ba) Importer(815301076,1909f56bfc062723c751e8b465ee728b)  -> (artifact id: '059a0201a3669411cf1e1cd605c9168b') in 0.031792 seconds 
========================================================================
Received Import Request.
  Time since last request: 0.000058 seconds.
  path: Packages/com.unity.searcher/Editor/Resources/FlatSkin/Font/Roboto-BoldItalic.ttf
  artifactKey: Guid(dfb97a9307a577a41bcacba34b9a7e32) Importer(815301076,1909f56bfc062723c751e8b465ee728b)
Start importing Packages/com.unity.searcher/Editor/Resources/FlatSkin/Font/Roboto-BoldItalic.ttf using Guid(dfb97a9307a577a41bcacba34b9a7e32) Importer(815301076,1909f56bfc062723c751e8b465ee728b)  -> (artifact id: '5b14ccaf6ee9961fa535d2ea327dbdbb') in 0.039640 seconds 
========================================================================
Received Import Request.
  Time since last request: 0.826796 seconds.
  path: Packages/com.unity.searcher/Editor/Resources/FlatSkin/Font/Roboto-LightItalic.ttf
  artifactKey: Guid(5e63515167650a541b309ba3bfd4db3d) Importer(815301076,1909f56bfc062723c751e8b465ee728b)
Start importing Packages/com.unity.searcher/Editor/Resources/FlatSkin/Font/Roboto-LightItalic.ttf using Guid(5e63515167650a541b309ba3bfd4db3d) Importer(815301076,1909f56bfc062723c751e8b465ee728b)  -> (artifact id: 'ba517c52c064b588311af694765a39d3') in 0.056089 seconds 
========================================================================
Received Import Request.
  Time since last request: 0.000031 seconds.
  path: Packages/com.unity.searcher/Editor/Resources/FlatSkin/Font/Roboto-MediumItalic.ttf
  artifactKey: Guid(d93c1bc57fdf1ac4dad1bf04fac05464) Importer(815301076,1909f56bfc062723c751e8b465ee728b)
Start importing Packages/com.unity.searcher/Editor/Resources/FlatSkin/Font/Roboto-MediumItalic.ttf using Guid(d93c1bc57fdf1ac4dad1bf04fac05464) Importer(815301076,1909f56bfc062723c751e8b465ee728b)  -> (artifact id: '889c5f6dbd43d614229939cb3b231454') in 0.045166 seconds 
========================================================================
Received Import Request.
  Time since last request: 0.965587 seconds.
  path: Packages/com.unity.render-pipelines.universal/Runtime/Materials/SpatialMappingWireframe.mat
  artifactKey: Guid(9875a245ac49007498213638a307faa1) Importer(815301076,1909f56bfc062723c751e8b465ee728b)
Start importing Packages/com.unity.render-pipelines.universal/Runtime/Materials/SpatialMappingWireframe.mat using Guid(9875a245ac49007498213638a307faa1) Importer(815301076,1909f56bfc062723c751e8b465ee728b)  -> (artifact id: '7a0401aa9a4face1d3aad4d119e60e20') in 0.049735 seconds 
========================================================================
Received Import Request.
  Time since last request: 0.000043 seconds.
  path: Packages/com.unity.probuilder/Content/Resources/Materials/StandardVertexColorLWRP.mat
  artifactKey: Guid(077a003b1de1e4c35923be7a21b5d948) Importer(815301076,1909f56bfc062723c751e8b465ee728b)
Start importing Packages/com.unity.probuilder/Content/Resources/Materials/StandardVertexColorLWRP.mat using Guid(077a003b1de1e4c35923be7a21b5d948) Importer(815301076,1909f56bfc062723c751e8b465ee728b)  -> (artifact id: 'acf7b86e2ba8841d63c0ba1a06158cee') in 0.026048 seconds 
========================================================================
Received Import Request.
  Time since last request: 0.000039 seconds.
  path: Packages/com.unity.probuilder/Content/Resources/Materials/StandardVertexColorHDRP.mat
  artifactKey: Guid(c35693c079f3840f7938a4a323096e84) Importer(815301076,1909f56bfc062723c751e8b465ee728b)
Start importing Packages/com.unity.probuilder/Content/Resources/Materials/StandardVertexColorHDRP.mat using Guid(c35693c079f3840f7938a4a323096e84) Importer(815301076,1909f56bfc062723c751e8b465ee728b)  -> (artifact id: '4354c9560d2567c434772cfb0ec7b0e2') in 0.025605 seconds 
========================================================================
Received Import Request.
  Time since last request: 0.065770 seconds.
  path: Packages/com.unity.probuilder/Content/Resources/Materials/Trigger.mat
  artifactKey: Guid(a1e97cbf2538241b691aae8243b5fb10) Importer(815301076,1909f56bfc062723c751e8b465ee728b)
Start importing Packages/com.unity.probuilder/Content/Resources/Materials/Trigger.mat using Guid(a1e97cbf2538241b691aae8243b5fb10) Importer(815301076,1909f56bfc062723c751e8b465ee728b)  -> (artifact id: '0cb690b42e4c5108d9900186a200b747') in 0.062852 seconds 
========================================================================
Received Import Request.
  Time since last request: 0.000040 seconds.
  path: Packages/com.unity.probuilder/Content/Resources/Materials/VertexPickerHDRP.mat
  artifactKey: Guid(7d5c9fc287a2aa945a98203d41282923) Importer(815301076,1909f56bfc062723c751e8b465ee728b)
Start importing Packages/com.unity.probuilder/Content/Resources/Materials/VertexPickerHDRP.mat using Guid(7d5c9fc287a2aa945a98203d41282923) Importer(815301076,1909f56bfc062723c751e8b465ee728b)  -> (artifact id: '1343a96dfa79efe3b517a6cf70ae8c85') in 0.023203 seconds 
========================================================================
Received Import Request.
  Time since last request: 0.000052 seconds.
  path: Packages/com.unity.probuilder/Content/Resources/Materials/VertexPicker.mat
  artifactKey: Guid(30a8575e1d4cc4e01a88ffbf4f973d80) Importer(815301076,1909f56bfc062723c751e8b465ee728b)
Start importing Packages/com.unity.probuilder/Content/Resources/Materials/VertexPicker.mat using Guid(30a8575e1d4cc4e01a88ffbf4f973d80) Importer(815301076,1909f56bfc062723c751e8b465ee728b)  -> (artifact id: 'd5c6e730feb068941fa384808031f097') in 0.015240 seconds 
========================================================================
Received Import Request.
  Time since last request: 0.000041 seconds.
  path: Packages/com.unity.probuilder/Content/Resources/Materials/UnlitVertexColor.mat
  artifactKey: Guid(29966c3c0907b49b58c4e59342d020cf) Importer(815301076,1909f56bfc062723c751e8b465ee728b)
Start importing Packages/com.unity.probuilder/Content/Resources/Materials/UnlitVertexColor.mat using Guid(29966c3c0907b49b58c4e59342d020cf) Importer(815301076,1909f56bfc062723c751e8b465ee728b)  -> (artifact id: 'f0a854f097812f47550292dab1cfca7a') in 0.018110 seconds 
========================================================================
Received Import Request.
  Time since last request: 1.407661 seconds.
  path: Packages/com.unity.searcher/Editor/Resources/FlatSkin/Font/Roboto-BlackItalic.ttf
  artifactKey: Guid(f95147a9bab9fe649b8070170fa7ebd2) Importer(815301076,1909f56bfc062723c751e8b465ee728b)
Start importing Packages/com.unity.searcher/Editor/Resources/FlatSkin/Font/Roboto-BlackItalic.ttf using Guid(f95147a9bab9fe649b8070170fa7ebd2) Importer(815301076,1909f56bfc062723c751e8b465ee728b)  -> (artifact id: 'a44027476ee0be9baafcd3a2dc144ec7') in 0.045000 seconds 
========================================================================
Received Import Request.
  Time since last request: 0.000039 seconds.
  path: Packages/com.unity.probuilder/Content/Resources/Materials/FacePicker.mat
  artifactKey: Guid(5695904020f064fdab5ad265b274a616) Importer(815301076,1909f56bfc062723c751e8b465ee728b)
Start importing Packages/com.unity.probuilder/Content/Resources/Materials/FacePicker.mat using Guid(5695904020f064fdab5ad265b274a616) Importer(815301076,1909f56bfc062723c751e8b465ee728b)  -> (artifact id: '7f791bddbbfa80896724520b4f1d4425') in 0.018846 seconds 
========================================================================
Received Import Request.
  Time since last request: 0.000047 seconds.
  path: Packages/com.unity.probuilder/Content/Resources/Materials/EdgePickerHDRP.mat
  artifactKey: Guid(980c24c5a501a9a429356d191ad356a9) Importer(815301076,1909f56bfc062723c751e8b465ee728b)
Start importing Packages/com.unity.probuilder/Content/Resources/Materials/EdgePickerHDRP.mat using Guid(980c24c5a501a9a429356d191ad356a9) Importer(815301076,1909f56bfc062723c751e8b465ee728b)  -> (artifact id: '0bc1eefaec9e8bcc08d481c6b8d1bd61') in 0.026981 seconds 
========================================================================
Received Import Request.
  Time since last request: 0.000188 seconds.
  path: Packages/com.unity.probuilder/Content/Resources/Materials/EdgePicker.mat
  artifactKey: Guid(4ff996e3a0a5743a3987ab6231160665) Importer(815301076,1909f56bfc062723c751e8b465ee728b)
Start importing Packages/com.unity.probuilder/Content/Resources/Materials/EdgePicker.mat using Guid(4ff996e3a0a5743a3987ab6231160665) Importer(815301076,1909f56bfc062723c751e8b465ee728b)  -> (artifact id: '82410ee79226ecb9aef6eb05dc0e6a4f') in 0.022847 seconds 
========================================================================
Received Import Request.
  Time since last request: 0.000041 seconds.
  path: Packages/com.unity.probuilder/Content/Resources/Materials/Collider.mat
  artifactKey: Guid(bbb235fff4f48426b863b36058ab66d2) Importer(815301076,1909f56bfc062723c751e8b465ee728b)
Start importing Packages/com.unity.probuilder/Content/Resources/Materials/Collider.mat using Guid(bbb235fff4f48426b863b36058ab66d2) Importer(815301076,1909f56bfc062723c751e8b465ee728b)  -> (artifact id: 'aca612e052961889febfaebec105e924') in 0.038585 seconds 
========================================================================
Received Import Request.
  Time since last request: 0.000039 seconds.
  path: Packages/com.unity.searcher/Editor/Resources/FlatSkin/Font/Roboto-Italic.ttf
  artifactKey: Guid(c839255fc8f6b4b4d90bf8c1af9f9bd1) Importer(815301076,1909f56bfc062723c751e8b465ee728b)
Start importing Packages/com.unity.searcher/Editor/Resources/FlatSkin/Font/Roboto-Italic.ttf using Guid(c839255fc8f6b4b4d90bf8c1af9f9bd1) Importer(815301076,1909f56bfc062723c751e8b465ee728b)  -> (artifact id: '1d6be8703fcb8610b76e1bea36c447a6') in 0.035483 seconds 
========================================================================
Received Import Request.
  Time since last request: 0.000036 seconds.
  path: Packages/com.unity.probuilder/Content/Material/Checker.mat
  artifactKey: Guid(4717b199010ca4cb3a8a7a465ec457d2) Importer(815301076,1909f56bfc062723c751e8b465ee728b)
Start importing Packages/com.unity.probuilder/Content/Material/Checker.mat using Guid(4717b199010ca4cb3a8a7a465ec457d2) Importer(815301076,1909f56bfc062723c751e8b465ee728b)  -> (artifact id: '4df320a49634a73f72e8e43a9184fa6f') in 0.032971 seconds 
========================================================================
Received Import Request.
  Time since last request: 0.000038 seconds.
  path: Packages/com.unity.render-pipelines.universal/Runtime/Materials/Decal.mat
  artifactKey: Guid(31d0dcc6f2dd4e4408d18036a2c93862) Importer(815301076,1909f56bfc062723c751e8b465ee728b)
Start importing Packages/com.unity.render-pipelines.universal/Runtime/Materials/Decal.mat using Guid(31d0dcc6f2dd4e4408d18036a2c93862) Importer(815301076,1909f56bfc062723c751e8b465ee728b)  -> (artifact id: '5599ce0c2d10b0101fdd80c4d5ffaaad') in 0.022777 seconds 
========================================================================
Received Import Request.
  Time since last request: 0.000047 seconds.
  path: Packages/com.unity.searcher/Editor/Resources/FlatSkin/Font/Roboto-Black.ttf
  artifactKey: Guid(1062c701058745940ae5dca6219c64c8) Importer(815301076,1909f56bfc062723c751e8b465ee728b)
Start importing Packages/com.unity.searcher/Editor/Resources/FlatSkin/Font/Roboto-Black.ttf using Guid(1062c701058745940ae5dca6219c64c8) Importer(815301076,1909f56bfc062723c751e8b465ee728b)  -> (artifact id: '6ac8df1d36a50001bca133ba68d5f0d7') in 0.032087 seconds 
========================================================================
Received Import Request.
  Time since last request: 0.000036 seconds.
  path: Packages/com.unity.probuilder/Content/Resources/Materials/FacePickerHDRP.mat
  artifactKey: Guid(a53ef0dd76f2fe74eb5f43267d7c0195) Importer(815301076,1909f56bfc062723c751e8b465ee728b)
Start importing Packages/com.unity.probuilder/Content/Resources/Materials/FacePickerHDRP.mat using Guid(a53ef0dd76f2fe74eb5f43267d7c0195) Importer(815301076,1909f56bfc062723c751e8b465ee728b)  -> (artifact id: 'b24813671659cb10a60108819b82366e') in 0.020319 seconds 
========================================================================
Received Import Request.
  Time since last request: 0.000038 seconds.
  path: Packages/com.unity.searcher/Editor/Resources/FlatSkin/Font/Roboto-Light.ttf
  artifactKey: Guid(2a29e27936eb547458f646f71125b264) Importer(815301076,1909f56bfc062723c751e8b465ee728b)
Start importing Packages/com.unity.searcher/Editor/Resources/FlatSkin/Font/Roboto-Light.ttf using Guid(2a29e27936eb547458f646f71125b264) Importer(815301076,1909f56bfc062723c751e8b465ee728b)  -> (artifact id: '6258ac92e35cca5bf456a7b67118803b') in 0.030833 seconds 
========================================================================
Received Import Request.
  Time since last request: 5.289243 seconds.
  path: Assets/Assets/Materials/Materials_Testing/Testing_tile1.mat
  artifactKey: Guid(dcdb6aebc5c2cdd4188a7a1cea19a048) Importer(815301076,1909f56bfc062723c751e8b465ee728b)
Start importing Assets/Assets/Materials/Materials_Testing/Testing_tile1.mat using Guid(dcdb6aebc5c2cdd4188a7a1cea19a048) Importer(815301076,1909f56bfc062723c751e8b465ee728b)  -> (artifact id: 'b79f32aa52835264c4aff52e122cf942') in 0.032294 seconds 
========================================================================
Received Import Request.
  Time since last request: 0.000052 seconds.
  path: Assets/Assets/Materials/Materials_Testing/Testing_tile3.mat
  artifactKey: Guid(b710b529c8aa4a1419b99056971fcf42) Importer(815301076,1909f56bfc062723c751e8b465ee728b)
Start importing Assets/Assets/Materials/Materials_Testing/Testing_tile3.mat using Guid(b710b529c8aa4a1419b99056971fcf42) Importer(815301076,1909f56bfc062723c751e8b465ee728b)  -> (artifact id: 'dd48d2623e4fa4fe851134c7edb83aa2') in 0.031280 seconds 
========================================================================
Received Import Request.
  Time since last request: 0.000063 seconds.
  path: Assets/Assets/Materials/Materials_Testing/Testing_tile3L.mat
  artifactKey: Guid(c81dfe6d5ae244445a8680607f569946) Importer(815301076,1909f56bfc062723c751e8b465ee728b)
Start importing Assets/Assets/Materials/Materials_Testing/Testing_tile3L.mat using Guid(c81dfe6d5ae244445a8680607f569946) Importer(815301076,1909f56bfc062723c751e8b465ee728b)  -> (artifact id: 'fb9ffcfd6590fb9bef15a7413dd9d231') in 0.022496 seconds 
========================================================================
Received Import Request.
  Time since last request: 9.469841 seconds.
  path: Assets/ProBuilder Data/Default Material Palette.asset
  artifactKey: Guid(ed03452a8ee4629488c36f39a155f796) Importer(815301076,1909f56bfc062723c751e8b465ee728b)
Start importing Assets/ProBuilder Data/Default Material Palette.asset using Guid(ed03452a8ee4629488c36f39a155f796) Importer(815301076,1909f56bfc062723c751e8b465ee728b)  -> (artifact id: 'a59dcf2449db42edb877f8603ad14b89') in 0.019496 seconds 
========================================================================
Received Import Request.
  Time since last request: 505.818918 seconds.
  path: Assets/Assets/Sprites/RoundFaded.png
  artifactKey: Guid(ff14ec8a61313d242adca0e0c586cabf) Importer(815301076,1909f56bfc062723c751e8b465ee728b)
Start importing Assets/Assets/Sprites/RoundFaded.png using Guid(ff14ec8a61313d242adca0e0c586cabf) Importer(815301076,1909f56bfc062723c751e8b465ee728b)  -> (artifact id: 'cc497fffde622f36560341843876216c') in 0.056787 seconds 
========================================================================
Received Import Request.
  Time since last request: 0.143248 seconds.
  path: Assets/Assets/Sprites/Gradient.png
  artifactKey: Guid(67a485bd4f313044fb019eab57471263) Importer(815301076,1909f56bfc062723c751e8b465ee728b)
Start importing Assets/Assets/Sprites/Gradient.png using Guid(67a485bd4f313044fb019eab57471263) Importer(815301076,1909f56bfc062723c751e8b465ee728b)  -> (artifact id: 'f47763d885b19a1f356c9a534868ee2a') in 0.224811 seconds 
========================================================================
Received Import Request.
  Time since last request: 0.059811 seconds.
  path: Assets/Assets/Sprites/Gradient 90degrees.png
  artifactKey: Guid(0a6e723cd68d83940b42b39e2ee37cb0) Importer(815301076,1909f56bfc062723c751e8b465ee728b)
Start importing Assets/Assets/Sprites/Gradient 90degrees.png using Guid(0a6e723cd68d83940b42b39e2ee37cb0) Importer(815301076,1909f56bfc062723c751e8b465ee728b)  -> (artifact id: '3265049d17f3011b647b06c24ce315d2') in 0.167155 seconds 
========================================================================
Received Import Request.
  Time since last request: 0.112526 seconds.
  path: Assets/Assets/Sprites/Gradient 3.png
  artifactKey: Guid(37920f09699934943b339b8bb68977e8) Importer(815301076,1909f56bfc062723c751e8b465ee728b)
Start importing Assets/Assets/Sprites/Gradient 3.png using Guid(37920f09699934943b339b8bb68977e8) Importer(815301076,1909f56bfc062723c751e8b465ee728b)  -> (artifact id: '1dea5e036cc74099245389a9d66ae8a0') in 0.251724 seconds 
========================================================================
Received Import Request.
  Time since last request: 0.301845 seconds.
  path: Assets/Assets/Sprites/Alpha_Glowleft.png
  artifactKey: Guid(15895e4a5b004894290a35fd8e757010) Importer(815301076,1909f56bfc062723c751e8b465ee728b)
Start importing Assets/Assets/Sprites/Alpha_Glowleft.png using Guid(15895e4a5b004894290a35fd8e757010) Importer(815301076,1909f56bfc062723c751e8b465ee728b)  -> (artifact id: 'fa019de5d3e1949e31854bd29047ee22') in 0.037645 seconds 
========================================================================
Received Import Request.
  Time since last request: 0.284649 seconds.
  path: Assets/Assets/Sprites/Gradient 2.png
  artifactKey: Guid(3aa6bc866acc4fd4e8119bc1bfb401da) Importer(815301076,1909f56bfc062723c751e8b465ee728b)
Start importing Assets/Assets/Sprites/Gradient 2.png using Guid(3aa6bc866acc4fd4e8119bc1bfb401da) Importer(815301076,1909f56bfc062723c751e8b465ee728b)  -> (artifact id: '1102a8c65246ca728f397d98cd801a02') in 0.209104 seconds 
========================================================================
Received Import Request.
  Time since last request: 0.409514 seconds.
  path: Assets/Assets/Sprites/Round transparent.png
  artifactKey: Guid(56ec6e5110e13984995ad3344710593a) Importer(815301076,1909f56bfc062723c751e8b465ee728b)
Start importing Assets/Assets/Sprites/Round transparent.png using Guid(56ec6e5110e13984995ad3344710593a) Importer(815301076,1909f56bfc062723c751e8b465ee728b)  -> (artifact id: 'f1667ff0e285c670f2a9f1682cd4c2e8') in 0.208991 seconds 
========================================================================
Received Import Request.
  Time since last request: 572.501594 seconds.
  path: Assets/Scenes/Scene_JelleTest.unity
  artifactKey: Guid(df1b3ba2a8907b04d8d87b02e2650391) Importer(815301076,1909f56bfc062723c751e8b465ee728b)
Start importing Assets/Scenes/Scene_JelleTest.unity using Guid(df1b3ba2a8907b04d8d87b02e2650391) Importer(815301076,1909f56bfc062723c751e8b465ee728b)  -> (artifact id: 'f1f6fd773703e27ac520f044f0a1f8de') in 0.007886 seconds 
========================================================================
Received Import Request.
  Time since last request: 20.302043 seconds.
  path: Assets/Scenes/Scene_Backups
  artifactKey: Guid(60b0aef13e7773f4caec68081e1785ad) Importer(815301076,1909f56bfc062723c751e8b465ee728b)
Start importing Assets/Scenes/Scene_Backups using Guid(60b0aef13e7773f4caec68081e1785ad) Importer(815301076,1909f56bfc062723c751e8b465ee728b)  -> (artifact id: '6ed5e133d5bd4b0f1a263862ddbbdd65') in 0.014135 seconds 
========================================================================
Received Import Request.
  Time since last request: 7.602556 seconds.
  path: Assets/Scenes/Scene_JelleTest 1.unity
  artifactKey: Guid(d0c0be3eafea1fc4bb18d994c7b00132) Importer(815301076,1909f56bfc062723c751e8b465ee728b)
Start importing Assets/Scenes/Scene_JelleTest 1.unity using Guid(d0c0be3eafea1fc4bb18d994c7b00132) Importer(815301076,1909f56bfc062723c751e8b465ee728b)  -> (artifact id: '224d86810bc40fec85760152f4b1d31b') in 0.013624 seconds 
========================================================================
Received Import Request.
  Time since last request: 19.981479 seconds.
  path: Assets/Scenes/Scene_Backups/Scene_JelleTest post processinhg.unity
  artifactKey: Guid(d0c0be3eafea1fc4bb18d994c7b00132) Importer(815301076,1909f56bfc062723c751e8b465ee728b)
Start importing Assets/Scenes/Scene_Backups/Scene_JelleTest post processinhg.unity using Guid(d0c0be3eafea1fc4bb18d994c7b00132) Importer(815301076,1909f56bfc062723c751e8b465ee728b)  -> (artifact id: 'e09fcb4bd144fa8aa9518f2264a2db61') in 0.007546 seconds 
========================================================================
Received Import Request.
  Time since last request: 4.706499 seconds.
  path: Assets/Scenes/Scene_Backups/Scene_JelleTest post processing.unity
  artifactKey: Guid(d0c0be3eafea1fc4bb18d994c7b00132) Importer(815301076,1909f56bfc062723c751e8b465ee728b)
Start importing Assets/Scenes/Scene_Backups/Scene_JelleTest post processing.unity using Guid(d0c0be3eafea1fc4bb18d994c7b00132) Importer(815301076,1909f56bfc062723c751e8b465ee728b)  -> (artifact id: '3989635c5a81254bdd454ee241f3c062') in 0.012578 seconds 
========================================================================
Received Import Request.
  Time since last request: 276.478550 seconds.
  path: Assets/Assets/Models/Models_testing/Models_
  artifactKey: Guid(64da95340d8b6c040acbd102cce7e131) Importer(815301076,1909f56bfc062723c751e8b465ee728b)
Start importing Assets/Assets/Models/Models_testing/Models_ using Guid(64da95340d8b6c040acbd102cce7e131) Importer(815301076,1909f56bfc062723c751e8b465ee728b)  -> (artifact id: '687fb522059ea55be85035d50288b24a') in 0.011876 seconds 
========================================================================
Received Import Request.
  Time since last request: 209.390705 seconds.
  path: Assets/Assets
  artifactKey: Guid(30ce541ad429e6a4182be15fd5c8136e) Importer(815301076,1909f56bfc062723c751e8b465ee728b)
Start importing Assets/Assets using Guid(30ce541ad429e6a4182be15fd5c8136e) Importer(815301076,1909f56bfc062723c751e8b465ee728b)  -> (artifact id: '0b6d20261223b857f6cc76c62a342922') in 0.007580 seconds 
========================================================================
Received Import Request.
  Time since last request: 12.422491 seconds.
  path: Assets/Assets/Volumes
  artifactKey: Guid(05733f1432deb3149ae95a4ad6388c9f) Importer(815301076,1909f56bfc062723c751e8b465ee728b)
Start importing Assets/Assets/Volumes using Guid(05733f1432deb3149ae95a4ad6388c9f) Importer(815301076,1909f56bfc062723c751e8b465ee728b)  -> (artifact id: 'd8170db1a72a5fffd34505b4a1bbcb19') in 0.008317 seconds 
========================================================================
Received Import Request.
  Time since last request: 35.180562 seconds.
  path: Assets/Assets/Volumes/Universal Volume.asset
  artifactKey: Guid(2ae024ed46cb1d0419eb4cd966193ac1) Importer(815301076,1909f56bfc062723c751e8b465ee728b)
Start importing Assets/Assets/Volumes/Universal Volume.asset using Guid(2ae024ed46cb1d0419eb4cd966193ac1) Importer(815301076,1909f56bfc062723c751e8b465ee728b)  -> (artifact id: '2ca5cea31bf77c02cfc326ff17811df6') in 0.010247 seconds 
========================================================================
Received Prepare
Registering precompiled user dll's ...
Registered in 0.003574 seconds.
Begin MonoManager ReloadAssembly
Symbol file LoadedFromMemory doesn't match image D:\Personal Projects\Gravity Platformer\GameLounge_Platformer_GitHub\Platformer\GameLounge\Library\PackageCache\com.unity.visualscripting@1.7.6\Editor\VisualScripting.Core\Dependencies\YamlDotNet\Unity.VisualScripting.YamlDotNet.dll
Symbol file LoadedFromMemory doesn't match image D:\Personal Projects\Gravity Platformer\GameLounge_Platformer_GitHub\Platformer\GameLounge\Library\PackageCache\com.unity.visualscripting@1.7.6\Editor\VisualScripting.Core\Dependencies\DotNetZip\Unity.VisualScripting.IonicZip.dll
Native extension for WindowsStandalone target not found
Native extension for WebGL target not found
Refreshing native plugins compatible for Editor in 1.62 ms, found 3 plugins.
Preloading 0 native plugins for Editor in 0.00 ms.
Mono: successfully reloaded assembly
- Completed reload, in  1.436 seconds
Domain Reload Profiling:
	ReloadAssembly (1436ms)
		BeginReloadAssembly (162ms)
			ExecutionOrderSort (0ms)
			DisableScriptedObjects (7ms)
			BackupInstance (0ms)
			ReleaseScriptingObjects (0ms)
			CreateAndSetChildDomain (66ms)
		EndReloadAssembly (1178ms)
			LoadAssemblies (80ms)
			RebuildTransferFunctionScriptingTraits (0ms)
			SetupTypeCache (321ms)
			ReleaseScriptCaches (4ms)
			RebuildScriptCaches (70ms)
			SetupLoadedEditorAssemblies (583ms)
				LogAssemblyErrors (0ms)
				InitializePlatformSupportModulesInManaged (11ms)
				SetLoadedEditorAssemblies (0ms)
				RefreshPlugins (2ms)
				BeforeProcessingInitializeOnLoad (79ms)
				ProcessInitializeOnLoadAttributes (396ms)
				ProcessInitializeOnLoadMethodAttributes (90ms)
				AfterProcessingInitializeOnLoad (4ms)
				EditorAssembliesLoaded (0ms)
			ExecutionOrderSort2 (0ms)
			AwakeInstancesAfterBackupRestoration (27ms)
Platform modules already initialized, skipping
Refreshing native plugins compatible for Editor in 1.56 ms, found 3 plugins.
Preloading 0 native plugins for Editor in 0.00 ms.
Unloading 5846 Unused Serialized files (Serialized files now loaded: 0)
Unloading 40 unused Assets / (2.3 MB). Loaded Objects now: 6896.
Memory consumption went from 275.0 MB to 272.7 MB.
Total: 6.269800 ms (FindLiveObjects: 0.850700 ms CreateObjectMapping: 0.774000 ms MarkObjects: 4.005200 ms  DeleteObjects: 0.637800 ms)

AssetImportParameters requested are different than current active one (requested -> active):
  custom:video-decoder-ogg-theora: a1e56fd34408186e4bbccfd4996cb3dc -> 
  custom:container-muxer-webm: aa71ff27fc2769a1b78a27578f13a17b -> 
  custom:container-demuxer-webm: 4f35f7cbe854078d1ac9338744f61a02 -> 
  custom:video-encoder-webm-vp8: eb34c28f22e8b96e1ab97ce403110664 -> 
  custom:audio-encoder-webm-vorbis: bf7c407c2cedff20999df2af8eb42d56 -> 
  custom:framework-win-MediaFoundation: 216162199b28c13a410421893ffa2e32 -> 
  custom:container-demuxer-ogg: 62fdf1f143b41e24485cea50d1cbac27 -> 
  custom:video-decoder-webm-vp8: 9c59270c3fd7afecdb556c50c9e8de78 -> 
  custom:audio-decoder-ogg-vorbis: bf7c407c2cedff20999df2af8eb42d56 -> 
========================================================================
Received Import Request.
  Time since last request: 851.556512 seconds.
  path: Assets/Assets/Volumes/Universal Post-Processing profile.asset
  artifactKey: Guid(d41fe9cca3f069e42b73b76d1dd3d8b3) Importer(815301076,1909f56bfc062723c751e8b465ee728b)
Start importing Assets/Assets/Volumes/Universal Post-Processing profile.asset using Guid(d41fe9cca3f069e42b73b76d1dd3d8b3) Importer(815301076,1909f56bfc062723c751e8b465ee728b)  -> (artifact id: '97ce8a92041fcbf7c70353bd32790289') in 0.044523 seconds 
========================================================================
Received Import Request.
  Time since last request: 588.027919 seconds.
  path: Assets/Assets/Volumes/Universal Post-Processing profile.asset
  artifactKey: Guid(d41fe9cca3f069e42b73b76d1dd3d8b3) Importer(815301076,1909f56bfc062723c751e8b465ee728b)
Start importing Assets/Assets/Volumes/Universal Post-Processing profile.asset using Guid(d41fe9cca3f069e42b73b76d1dd3d8b3) Importer(815301076,1909f56bfc062723c751e8b465ee728b)  -> (artifact id: 'c95fa9b7ddd753d51f1c386519757074') in 0.008616 seconds 
========================================================================
Received Import Request.
  Time since last request: 218.671204 seconds.
  path: Assets/Assets/Volumes/Universal Lighting Settings.lighting
  artifactKey: Guid(004c42d67cc21f643b8b1a3d0aa48e08) Importer(815301076,1909f56bfc062723c751e8b465ee728b)
Start importing Assets/Assets/Volumes/Universal Lighting Settings.lighting using Guid(004c42d67cc21f643b8b1a3d0aa48e08) Importer(815301076,1909f56bfc062723c751e8b465ee728b)  -> (artifact id: 'f255c65ba5bffa67a936af148823b6fb') in 0.011946 seconds 
========================================================================
Received Import Request.
  Time since last request: 663.025333 seconds.
  path: Assets/Scenes/Scene_JelleTest/Box Volume Profile.asset
  artifactKey: Guid(a368f267a7e8f4641bbff8dab0f21275) Importer(815301076,1909f56bfc062723c751e8b465ee728b)
Start importing Assets/Scenes/Scene_JelleTest/Box Volume Profile.asset using Guid(a368f267a7e8f4641bbff8dab0f21275) Importer(815301076,1909f56bfc062723c751e8b465ee728b)  -> (artifact id: '8d93a0b8ebfbca10c9037877a1ff323b') in 0.008551 seconds 
========================================================================
Received Import Request.
  Time since last request: 3.425488 seconds.
  path: Assets/Scenes/Scene_JelleTest
  artifactKey: Guid(0ae73ce8a8cbb904a8bbd2611ba3f947) Importer(815301076,1909f56bfc062723c751e8b465ee728b)
Start importing Assets/Scenes/Scene_JelleTest using Guid(0ae73ce8a8cbb904a8bbd2611ba3f947) Importer(815301076,1909f56bfc062723c751e8b465ee728b)  -> (artifact id: 'ca3f8fa2a43c529bd7e04e3eacc18094') in 0.016022 seconds 
========================================================================
Received Import Request.
  Time since last request: 53.454458 seconds.
  path: Assets/Settings/URP-Balanced-Renderer.asset
  artifactKey: Guid(e634585d5c4544dd297acaee93dc2beb) Importer(815301076,1909f56bfc062723c751e8b465ee728b)
Start importing Assets/Settings/URP-Balanced-Renderer.asset using Guid(e634585d5c4544dd297acaee93dc2beb) Importer(815301076,1909f56bfc062723c751e8b465ee728b)  -> (artifact id: '4055164a9f4b93fb4714155a58eef8e3') in 0.010791 seconds 
========================================================================
Received Import Request.
  Time since last request: 3.059028 seconds.
  path: Assets/Settings/URP-HighFidelity-Renderer.asset
  artifactKey: Guid(c40be3174f62c4acf8c1216858c64956) Importer(815301076,1909f56bfc062723c751e8b465ee728b)
Start importing Assets/Settings/URP-HighFidelity-Renderer.asset using Guid(c40be3174f62c4acf8c1216858c64956) Importer(815301076,1909f56bfc062723c751e8b465ee728b)  -> (artifact id: '77232d1dafd04812920c790eb0d450bd') in 0.007987 seconds 
========================================================================
Received Import Request.
  Time since last request: 10.504731 seconds.
  path: Packages/com.unity.render-pipelines.universal/Runtime/Data/PostProcessData.asset
  artifactKey: Guid(41439944d30ece34e96484bdb6645b55) Importer(815301076,1909f56bfc062723c751e8b465ee728b)
Start importing Packages/com.unity.render-pipelines.universal/Runtime/Data/PostProcessData.asset using Guid(41439944d30ece34e96484bdb6645b55) Importer(815301076,1909f56bfc062723c751e8b465ee728b)  -> (artifact id: 'eed2ec52c9ac93ad64a6261a93710392') in 0.007070 seconds 
========================================================================
Received Import Request.
  Time since last request: 1.803092 seconds.
  path: Packages/com.unity.render-pipelines.universal/Runtime/Data/PostProcessData.cs
  artifactKey: Guid(572910c10080c0945a0ef731ccedc739) Importer(815301076,1909f56bfc062723c751e8b465ee728b)
Start importing Packages/com.unity.render-pipelines.universal/Runtime/Data/PostProcessData.cs using Guid(572910c10080c0945a0ef731ccedc739) Importer(815301076,1909f56bfc062723c751e8b465ee728b)  -> (artifact id: 'b357221178562254d2b97161dca09a9a') in 0.005819 seconds 
========================================================================
Received Import Request.
  Time since last request: 1.272125 seconds.
  path: Packages/com.unity.render-pipelines.universal/Runtime/Data/RenderStateData.cs
  artifactKey: Guid(682abd313990845aabd60612b4828970) Importer(815301076,1909f56bfc062723c751e8b465ee728b)
Start importing Packages/com.unity.render-pipelines.universal/Runtime/Data/RenderStateData.cs using Guid(682abd313990845aabd60612b4828970) Importer(815301076,1909f56bfc062723c751e8b465ee728b)  -> (artifact id: 'f39f82d90560f33480dd802ca4b0f2b0') in 0.007424 seconds 
========================================================================
Received Import Request.
  Time since last request: 1.492469 seconds.
  path: Packages/com.unity.render-pipelines.universal/Runtime/Data/UniversalRenderPipelineAsset.cs
  artifactKey: Guid(bf2edee5c58d82540a51f03df9d42094) Importer(815301076,1909f56bfc062723c751e8b465ee728b)
Start importing Packages/com.unity.render-pipelines.universal/Runtime/Data/UniversalRenderPipelineAsset.cs using Guid(bf2edee5c58d82540a51f03df9d42094) Importer(815301076,1909f56bfc062723c751e8b465ee728b)  -> (artifact id: 'b0a9ebb4d583978161bb88127dd07995') in 0.006149 seconds 
========================================================================
Received Import Request.
  Time since last request: 1.375865 seconds.
  path: Packages/com.unity.render-pipelines.universal/Runtime/Data/UniversalRenderPipelineEditorResources.asset
  artifactKey: Guid(a3d8d823eedde654bb4c11a1cfaf1abb) Importer(815301076,1909f56bfc062723c751e8b465ee728b)
Start importing Packages/com.unity.render-pipelines.universal/Runtime/Data/UniversalRenderPipelineEditorResources.asset using Guid(a3d8d823eedde654bb4c11a1cfaf1abb) Importer(815301076,1909f56bfc062723c751e8b465ee728b)  -> (artifact id: '04922041f670a8d70e29194db6bce4a9') in 0.009400 seconds 
========================================================================
Received Import Request.
  Time since last request: 1.336809 seconds.
  path: Packages/com.unity.render-pipelines.universal/Runtime/Data/UniversalRenderPipelineEditorResources.cs
  artifactKey: Guid(76e49a5b88430df478c504fe5a5c1a62) Importer(815301076,1909f56bfc062723c751e8b465ee728b)
Start importing Packages/com.unity.render-pipelines.universal/Runtime/Data/UniversalRenderPipelineEditorResources.cs using Guid(76e49a5b88430df478c504fe5a5c1a62) Importer(815301076,1909f56bfc062723c751e8b465ee728b)  -> (artifact id: 'b4febdc171bdc0f6ee074b493ea17f94') in 0.002532 seconds 
========================================================================
Received Import Request.
  Time since last request: 0.909602 seconds.
  path: Packages/com.unity.render-pipelines.universal/Runtime/Data/XRSystemData.asset
  artifactKey: Guid(60e1133243b97e347b653163a8c01b64) Importer(815301076,1909f56bfc062723c751e8b465ee728b)
Start importing Packages/com.unity.render-pipelines.universal/Runtime/Data/XRSystemData.asset using Guid(60e1133243b97e347b653163a8c01b64) Importer(815301076,1909f56bfc062723c751e8b465ee728b)  -> (artifact id: '6d7b2d59eedbd3bbb5b01c1ccfbcb07f') in 0.007736 seconds 
========================================================================
Received Import Request.
  Time since last request: 0.388232 seconds.
  path: Packages/com.unity.render-pipelines.universal/Runtime/Data/XRSystemData.cs
  artifactKey: Guid(307a736764ebbce44b54d72f8467b6fd) Importer(815301076,1909f56bfc062723c751e8b465ee728b)
Start importing Packages/com.unity.render-pipelines.universal/Runtime/Data/XRSystemData.cs using Guid(307a736764ebbce44b54d72f8467b6fd) Importer(815301076,1909f56bfc062723c751e8b465ee728b)  -> (artifact id: '62c62325be1c8f120d106bfcc11df750') in 0.002996 seconds 
========================================================================
Received Import Request.
  Time since last request: 41.614006 seconds.
  path: Assets/UniversalRenderPipelineGlobalSettings.asset
  artifactKey: Guid(18dc0cd2c080841dea60987a38ce93fa) Importer(815301076,1909f56bfc062723c751e8b465ee728b)
Start importing Assets/UniversalRenderPipelineGlobalSettings.asset using Guid(18dc0cd2c080841dea60987a38ce93fa) Importer(815301076,1909f56bfc062723c751e8b465ee728b)  -> (artifact id: '92801cae1a897d946050a0dfa8d20fcb') in 0.009028 seconds 
========================================================================
Received Import Request.
  Time since last request: 166.249971 seconds.
  path: Assets/Settings/URP-HighFidelity.asset
  artifactKey: Guid(7b7fd9122c28c4d15b667c7040e3b3fd) Importer(815301076,1909f56bfc062723c751e8b465ee728b)
Start importing Assets/Settings/URP-HighFidelity.asset using Guid(7b7fd9122c28c4d15b667c7040e3b3fd) Importer(815301076,1909f56bfc062723c751e8b465ee728b)  -> (artifact id: 'e034af0bc13de21932d85eeaa5ab7bb1') in 0.009583 seconds 
========================================================================
Received Import Request.
  Time since last request: 26.607937 seconds.
  path: Packages/com.unity.postprocessing/PostProcessing
  artifactKey: Guid(0d256a256b5667448bb3f33f75dbb4bf) Importer(815301076,1909f56bfc062723c751e8b465ee728b)
Start importing Packages/com.unity.postprocessing/PostProcessing using Guid(0d256a256b5667448bb3f33f75dbb4bf) Importer(815301076,1909f56bfc062723c751e8b465ee728b)  -> (artifact id: '9796cf30e010f14d7418dbf46bea76f4') in 0.007635 seconds 
========================================================================
Received Import Request.
  Time since last request: 2.271068 seconds.
  path: Packages/com.unity.postprocessing/PostProcessing/Shaders
  artifactKey: Guid(660a3ee04f28e0a4a97dc5831c5a1de3) Importer(815301076,1909f56bfc062723c751e8b465ee728b)
Start importing Packages/com.unity.postprocessing/PostProcessing/Shaders using Guid(660a3ee04f28e0a4a97dc5831c5a1de3) Importer(815301076,1909f56bfc062723c751e8b465ee728b)  -> (artifact id: 'e52f1b56eb92b64d850201a41d292e73') in 0.007020 seconds 
========================================================================
Received Import Request.
  Time since last request: 1.729649 seconds.
  path: Packages/com.unity.postprocessing/PostProcessing/Textures
  artifactKey: Guid(180a4519fc4556c4fb5d941544b86398) Importer(815301076,1909f56bfc062723c751e8b465ee728b)
Start importing Packages/com.unity.postprocessing/PostProcessing/Textures using Guid(180a4519fc4556c4fb5d941544b86398) Importer(815301076,1909f56bfc062723c751e8b465ee728b)  -> (artifact id: 'b5f891e4848b4d2bb20fa8c6c95b3078') in 0.006889 seconds 
========================================================================
Received Import Request.
  Time since last request: 2196.151885 seconds.
  path: Assets/Assets/Prefabs
  artifactKey: Guid(8ca367c09275fbc4f8d25a75f8484f97) Importer(815301076,1909f56bfc062723c751e8b465ee728b)
Start importing Assets/Assets/Prefabs using Guid(8ca367c09275fbc4f8d25a75f8484f97) Importer(815301076,1909f56bfc062723c751e8b465ee728b)  -> (artifact id: 'd5d1b68f75aede5d622a459ee8b982f2') in 0.022128 seconds 
========================================================================
Received Import Request.
  Time since last request: 3.765583 seconds.
  path: Assets/Assets/Prefabs/Prefabs_Actors
  artifactKey: Guid(c5b197a1956a3564ba7080e7f6632158) Importer(815301076,1909f56bfc062723c751e8b465ee728b)
Start importing Assets/Assets/Prefabs/Prefabs_Actors using Guid(c5b197a1956a3564ba7080e7f6632158) Importer(815301076,1909f56bfc062723c751e8b465ee728b)  -> (artifact id: '7ae7aee7bd8711279a5e273726907613') in 0.006592 seconds 
========================================================================
Received Import Request.
  Time since last request: 0.535200 seconds.
  path: Assets/Assets/Prefabs/Prefabs_Environment
  artifactKey: Guid(e900474c10d4e3f4ab3893951e1cca88) Importer(815301076,1909f56bfc062723c751e8b465ee728b)
Start importing Assets/Assets/Prefabs/Prefabs_Environment using Guid(e900474c10d4e3f4ab3893951e1cca88) Importer(815301076,1909f56bfc062723c751e8b465ee728b)  -> (artifact id: '965d523f432e658fbec25771bc40348c') in 0.008054 seconds 
========================================================================
Received Import Request.
  Time since last request: 0.510704 seconds.
  path: Assets/Assets/Prefabs/Prefabs_Levelcomponents
  artifactKey: Guid(6fa196a4b8a0e5a49872e23cb753a7be) Importer(815301076,1909f56bfc062723c751e8b465ee728b)
Start importing Assets/Assets/Prefabs/Prefabs_Levelcomponents using Guid(6fa196a4b8a0e5a49872e23cb753a7be) Importer(815301076,1909f56bfc062723c751e8b465ee728b)  -> (artifact id: 'd123a90a8f1fc0d2e6809d2d7f4ee37e') in 0.006907 seconds 
========================================================================
Received Import Request.
  Time since last request: 12.508539 seconds.
  path: Assets/Assets/Prefabs/Prefabs_Testing
  artifactKey: Guid(f41e059f14bf75e44abb001df4720d15) Importer(815301076,1909f56bfc062723c751e8b465ee728b)
Start importing Assets/Assets/Prefabs/Prefabs_Testing using Guid(f41e059f14bf75e44abb001df4720d15) Importer(815301076,1909f56bfc062723c751e8b465ee728b)  -> (artifact id: '678cae0e4ee760c128e2215cfc67656a') in 0.013702 seconds 
========================================================================
Received Import Request.
  Time since last request: 4.502164 seconds.
  path: Assets/Assets/Prefabs/Prefabs_Testing/Level_Testing.prefab
  artifactKey: Guid(c5cb7998b7b6bf04f9af55ea415111ba) Importer(815301076,1909f56bfc062723c751e8b465ee728b)
Start importing Assets/Assets/Prefabs/Prefabs_Testing/Level_Testing.prefab using Guid(c5cb7998b7b6bf04f9af55ea415111ba) Importer(815301076,1909f56bfc062723c751e8b465ee728b)  -> (artifact id: 'fbf8e4da770ad4aab697899c28b2f56e') in 0.069976 seconds 
========================================================================
Received Import Request.
  Time since last request: 9.019832 seconds.
  path: Assets/Assets/Prefabs/Prefabs_Testing/Player_placeholder.prefab
  artifactKey: Guid(2c0581f485a1c314b9714cbddac8955a) Importer(815301076,1909f56bfc062723c751e8b465ee728b)
Start importing Assets/Assets/Prefabs/Prefabs_Testing/Player_placeholder.prefab using Guid(2c0581f485a1c314b9714cbddac8955a) Importer(815301076,1909f56bfc062723c751e8b465ee728b)  -> (artifact id: 'ce9980dde6d7438b1c9e3ca1c330d81a') in 0.236315 seconds 
========================================================================
Received Import Request.
  Time since last request: 33.209048 seconds.
  path: Assets/Assets/Prefabs/Prefabs_Testing/Level_Testing.prefab
  artifactKey: Guid(c5cb7998b7b6bf04f9af55ea415111ba) Importer(815301076,1909f56bfc062723c751e8b465ee728b)
Start importing Assets/Assets/Prefabs/Prefabs_Testing/Level_Testing.prefab using Guid(c5cb7998b7b6bf04f9af55ea415111ba) Importer(815301076,1909f56bfc062723c751e8b465ee728b)  -> (artifact id: '9085961236a5f3bd111ac8370a772926') in 0.016262 seconds 
========================================================================
Received Import Request.
  Time since last request: 101.796125 seconds.
  path: Assets/Assets/Materials/Textures/Tile_testing3.png
  artifactKey: Guid(99cfe8883e41b7349977e9ea03783976) Importer(815301076,1909f56bfc062723c751e8b465ee728b)
Start importing Assets/Assets/Materials/Textures/Tile_testing3.png using Guid(99cfe8883e41b7349977e9ea03783976) Importer(815301076,1909f56bfc062723c751e8b465ee728b)  -> (artifact id: '61dc7313569a2cff2adeeb2678464488') in 0.027141 seconds 
========================================================================
Received Import Request.
  Time since last request: 0.466614 seconds.
  path: Assets/Assets/Materials/Textures/Tile_testing3Light.png
  artifactKey: Guid(6ee12c22311b3704aa0d15f9f963d430) Importer(815301076,1909f56bfc062723c751e8b465ee728b)
Start importing Assets/Assets/Materials/Textures/Tile_testing3Light.png using Guid(6ee12c22311b3704aa0d15f9f963d430) Importer(815301076,1909f56bfc062723c751e8b465ee728b)  -> (artifact id: '80e254a7cca9bd0665e7b545cf502838') in 0.016019 seconds 
========================================================================
Received Import Request.
  Time since last request: 307.704874 seconds.
  path: Assets/Settings/URP-HighFidelity-Renderer.asset
  artifactKey: Guid(c40be3174f62c4acf8c1216858c64956) Importer(815301076,1909f56bfc062723c751e8b465ee728b)
Start importing Assets/Settings/URP-HighFidelity-Renderer.asset using Guid(c40be3174f62c4acf8c1216858c64956) Importer(815301076,1909f56bfc062723c751e8b465ee728b)  -> (artifact id: '12661d4741d81da1f8b258dfe4a7eeca') in 0.005352 seconds 
